<?xml version="1.0" encoding="UTF-8"?>
<!-- Generated by org.testng.reporters.JUnitReportReporter -->
<testsuite hostname="Ahmed-Magdy" failures="0" tests="1" name="test.RegistrationTest" time="20.300" errors="0" timestamp="2021-09-25T22:13:54 EET" skipped="0">
  <testcase classname="test.RegistrationTest" name="Register_New_User" time="20.300"/>
  <system-out/>
</testsuite> <!-- test.RegistrationTest -->
