<?xml version="1.0" encoding="UTF-8"?>
<!-- Generated by org.testng.reporters.JUnitReportReporter -->
<testsuite hostname="Ahmed-Magdy" failures="0" tests="1" name="test.LoginTest" time="10.300" errors="0" timestamp="2021-09-25T22:14:38 EET" skipped="0">
  <testcase classname="test.LoginTest" name="Login" time="10.300"/>
  <system-out/>
</testsuite> <!-- test.LoginTest -->
