<?xml version="1.0" encoding="UTF-8"?>
<!-- Generated by org.testng.reporters.JUnitReportReporter -->
<testsuite hostname="Ahmed-Magdy" failures="0" tests="1" name="test.CartCheckOut" time="11.869" errors="0" timestamp="2021-09-23T22:47:24 EET" skipped="0">
  <testcase classname="test.CartCheckOut" name="MakeOrder" time="11.869"/>
  <system-out/>
</testsuite> <!-- test.CartCheckOut -->
